<?xml version="1.0" encoding="UTF-8"?>
<!-- Generated by org.testng.reporters.JUnitXMLReporter -->
<testsuite ignored="0" hostname="LAPTOP-LE5SPD4L" failures="0" tests="1" name="Test1" time="0.158" errors="0" timestamp="2022-06-15T21:06:02 IST">
  <testcase classname="com.crm.comcast.genericUtilities.BaseClass" name="@BeforeClass launchTheBrowser" time="-1.655307362763E9">
    <failure type="org.testng.TestNGException" message="
Parameter &amp;apos;BROWSER&amp;apos; is required by BeforeClass on method launchTheBrowser but has not been marked @Optional or defined
in C:\Users\91636\eclipse-workspace1\com.crm.sdet35l1\testngGroupExecution.xml">
      <![CDATA[org.testng.TestNGException: 
Parameter 'BROWSER' is required by BeforeClass on method launchTheBrowser but has not been marked @Optional or defined
in C:\Users\91636\eclipse-workspace1\com.crm.sdet35l1\testngGroupExecution.xml
at java.base/java.util.ArrayList.forEach(ArrayList.java:1511)
... Removed 22 stack frames]]>
    </failure>
  </testcase> <!-- @BeforeClass launchTheBrowser -->
  <testcase classname="com.crm.comcast.genericUtilities.BaseClass" name="@BeforeMethod LoginToApp" time="-1.655307362817E9">
    <skipped/>
  </testcase> <!-- @BeforeMethod LoginToApp -->
  <testcase classname="com.crm.comcast.genericUtilities.BaseClass" name="@AfterMethod LogoutToApp" time="-1.655307362834E9">
    <skipped/>
  </testcase> <!-- @AfterMethod LogoutToApp -->
  <testcase classname="com.crm.comcast.genericUtilities.BaseClass" name="@AfterClass CloseTheBrowser" time="-1.655307362843E9">
    <skipped/>
  </testcase> <!-- @AfterClass CloseTheBrowser -->
  <testcase classname="com.crm.comcast.CreateDocumentTest.CreateDocumentTest" name="CreateDocumentTest1" time="0.0">
    <skipped/>
  </testcase> <!-- CreateDocumentTest1 -->
</testsuite> <!-- Test1 -->
