<?xml version="1.0" encoding="UTF-8"?>
<!-- Generated by org.testng.reporters.JUnitXMLReporter -->
<testsuite hostname="LAPTOP-LE5SPD4L" ignored="0" name="Command line test" tests="1" failures="0" timestamp="2022-06-20T16:29:06 IST" time="0.066" errors="0">
  <testcase name="@BeforeClass launchTheBrowser" time="-1.65572274648E9" classname="com.crm.comcast.genericUtilities.BaseClass">
    <failure type="org.testng.TestNGException" message="
Parameter &amp;apos;BROWSER&amp;apos; is required by BeforeClass on method launchTheBrowser but has not been marked @Optional or defined
">
      <![CDATA[org.testng.TestNGException: 
Parameter 'BROWSER' is required by BeforeClass on method launchTheBrowser but has not been marked @Optional or defined

at java.util.ArrayList.forEach(ArrayList.java:1259)
... Removed 31 stack frames]]>
    </failure>
  </testcase> <!-- @BeforeClass launchTheBrowser -->
  <testcase name="@BeforeMethod LoginToApp" time="-1.655722746509E9" classname="com.crm.comcast.genericUtilities.BaseClass">
    <skipped/>
  </testcase> <!-- @BeforeMethod LoginToApp -->
  <testcase name="@AfterMethod LogoutToApp" time="-1.655722746514E9" classname="com.crm.comcast.genericUtilities.BaseClass">
    <skipped/>
  </testcase> <!-- @AfterMethod LogoutToApp -->
  <testcase name="@AfterClass CloseTheBrowser" time="-1.655722746515E9" classname="com.crm.comcast.genericUtilities.BaseClass">
    <skipped/>
  </testcase> <!-- @AfterClass CloseTheBrowser -->
  <testcase name="CreateContactTest1" time="0.0" classname="com.crm.comcast.CreateContactTest.CreateContactTest">
    <skipped/>
  </testcase> <!-- CreateContactTest1 -->
</testsuite> <!-- Command line test -->
