<?xml version="1.0" encoding="UTF-8"?>
<testng-results ignored="0" total="2" passed="1" failed="1" skipped="0">
  <reporter-output>
  </reporter-output>
  <suite started-at="2022-10-03T21:00:19 IST" name="Default suite" finished-at="2022-10-03T21:01:00 IST" duration-ms="40409">
    <groups>
    </groups>
    <test started-at="2022-10-03T21:00:19 IST" name="Default test" finished-at="2022-10-03T21:01:00 IST" duration-ms="40409">
      <class name="com.CodingTest.MovieInformationTest">
        <test-method is-config="true" signature="setUp()[pri:0, instance:com.CodingTest.MovieInformationTest@58d75e99]" started-at="2022-10-03T21:00:20 IST" name="setUp" finished-at="2022-10-03T21:00:32 IST" duration-ms="12712" status="PASS">
          <reporter-output>
          </reporter-output>
        </test-method> <!-- setUp -->
        <test-method signature="CountryName()[pri:0, instance:com.CodingTest.MovieInformationTest@58d75e99]" started-at="2022-10-03T21:00:32 IST" name="CountryName" finished-at="2022-10-03T21:00:48 IST" duration-ms="15341" status="PASS">
          <reporter-output>
          </reporter-output>
        </test-method> <!-- CountryName -->
        <test-method signature="ReleaseDate()[pri:0, instance:com.CodingTest.MovieInformationTest@58d75e99]" started-at="2022-10-03T21:00:48 IST" name="ReleaseDate" finished-at="2022-10-03T21:00:58 IST" duration-ms="10755" status="FAIL">
          <exception class="java.lang.AssertionError">
            <message>
              <![CDATA[Release Date are not matching expected [December 17, 2021 (United States)] but found [[[RemoteWebDriver: chrome on WINDOWS (f04f3b5eed4082ae29d3c89e889225f248a74d4f)] -> xpath: //div[@class="plainlist" and contains(.,'1')]]]]]>
            </message>
            <full-stacktrace>
              <![CDATA[java.lang.AssertionError: Release Date are not matching expected [December 17, 2021 (United States)] but found [[[RemoteWebDriver: chrome on WINDOWS (f04f3b5eed4082ae29d3c89e889225f248a74d4f)] -> xpath: //div[@class="plainlist" and contains(.,'1')]]]
at org.testng.Assert.fail(Assert.java:99)
at org.testng.Assert.failNotEquals(Assert.java:1037)
at org.testng.Assert.assertEqualsImpl(Assert.java:140)
at org.testng.Assert.assertEquals(Assert.java:122)
at com.CodingTest.MovieInformationTest.ReleaseDate(MovieInformationTest.java:96)
at java.base/jdk.internal.reflect.NativeMethodAccessorImpl.invoke0(Native Method)
at java.base/jdk.internal.reflect.NativeMethodAccessorImpl.invoke(NativeMethodAccessorImpl.java:78)
at java.base/jdk.internal.reflect.DelegatingMethodAccessorImpl.invoke(DelegatingMethodAccessorImpl.java:43)
at java.base/java.lang.reflect.Method.invoke(Method.java:567)
at org.testng.internal.MethodInvocationHelper.invokeMethod(MethodInvocationHelper.java:133)
at org.testng.internal.TestInvoker.invokeMethod(TestInvoker.java:598)
at org.testng.internal.TestInvoker.invokeTestMethod(TestInvoker.java:173)
at org.testng.internal.MethodRunner.runInSequence(MethodRunner.java:46)
at org.testng.internal.TestInvoker$MethodInvocationAgent.invoke(TestInvoker.java:824)
at org.testng.internal.TestInvoker.invokeTestMethods(TestInvoker.java:146)
at org.testng.internal.TestMethodWorker.invokeTestMethods(TestMethodWorker.java:146)
at org.testng.internal.TestMethodWorker.run(TestMethodWorker.java:128)
at java.base/java.util.ArrayList.forEach(ArrayList.java:1511)
at org.testng.TestRunner.privateRun(TestRunner.java:794)
at org.testng.TestRunner.run(TestRunner.java:596)
at org.testng.SuiteRunner.runTest(SuiteRunner.java:377)
at org.testng.SuiteRunner.runSequentially(SuiteRunner.java:371)
at org.testng.SuiteRunner.privateRun(SuiteRunner.java:332)
at org.testng.SuiteRunner.run(SuiteRunner.java:276)
at org.testng.SuiteRunnerWorker.runSuite(SuiteRunnerWorker.java:53)
at org.testng.SuiteRunnerWorker.run(SuiteRunnerWorker.java:96)
at org.testng.TestNG.runSuitesSequentially(TestNG.java:1212)
at org.testng.TestNG.runSuitesLocally(TestNG.java:1134)
at org.testng.TestNG.runSuites(TestNG.java:1063)
at org.testng.TestNG.run(TestNG.java:1031)
at org.testng.remote.AbstractRemoteTestNG.run(AbstractRemoteTestNG.java:115)
at org.testng.remote.RemoteTestNG.initAndRun(RemoteTestNG.java:251)
at org.testng.remote.RemoteTestNG.main(RemoteTestNG.java:77)
]]>
            </full-stacktrace>
          </exception> <!-- java.lang.AssertionError -->
          <reporter-output>
          </reporter-output>
        </test-method> <!-- ReleaseDate -->
        <test-method is-config="true" signature="CloseTheBrowser()[pri:0, instance:com.CodingTest.MovieInformationTest@58d75e99]" started-at="2022-10-03T21:00:58 IST" name="CloseTheBrowser" finished-at="2022-10-03T21:01:00 IST" duration-ms="1475" status="PASS">
          <reporter-output>
          </reporter-output>
        </test-method> <!-- CloseTheBrowser -->
      </class> <!-- com.CodingTest.MovieInformationTest -->
    </test> <!-- Default test -->
  </suite> <!-- Default suite -->
</testng-results>
